Sinh viên x đăng nhập
Sinh viên x đăng nhập
2021-04-08-10-30-07-822: Chấm bài F:\GIANG-DAY-XUAN\NAM-HOC-2020-2021\LAP_TRINH_NANG_CAO_2021\TAO_DE_KT\Lam_de\De_KT_LTNC_Xuan\data\12\12.cpp, KQ: Kết quả: 100/100 điểm
Điểm tổng: 2 / 10
Thời gian làm bài: -11:59:35.1792230
2021-04-08-10-30-20-840: Chấm bài F:\GIANG-DAY-XUAN\NAM-HOC-2020-2021\LAP_TRINH_NANG_CAO_2021\TAO_DE_KT\Lam_de\De_KT_LTNC_Xuan\data\26\26 (1).cpp, KQ: Kết quả: 5/100 điểm
Điểm tổng: 2.1 / 10
Thời gian làm bài: -09:38:16.9630217
2021-04-08-10-30-36-592: Chấm bài F:\GIANG-DAY-XUAN\NAM-HOC-2020-2021\LAP_TRINH_NANG_CAO_2021\TAO_DE_KT\Lam_de\De_KT_LTNC_Xuan\data\36\36 (1).cpp, KQ: Kết quả: 100/100 điểm
Điểm tổng: 5.1 / 10
Thời gian làm bài: -07:31:58.3027522
2021-04-08-10-30-47-429: Chấm bài F:\GIANG-DAY-XUAN\NAM-HOC-2020-2021\LAP_TRINH_NANG_CAO_2021\TAO_DE_KT\Lam_de\De_KT_LTNC_Xuan\data\43\43 (1).cpp, KQ: Kết quả: 100/100 điểm
Điểm tổng: 8.1 / 10
Thời gian làm bài: -09:08:43.0396707
2021-04-08-10-31-22-352: Chấm bài F:\GIANG-DAY-XUAN\NAM-HOC-2020-2021\LAP_TRINH_NANG_CAO_2021\TAO_DE_KT\Lam_de\De_KT_LTNC_Xuan\data\26\26 (2).cpp, KQ: Kết quả: 100/100 điểm
Điểm tổng: 10 / 10
Thời gian làm bài: -09:38:05.8331484
Sinh viên x đăng nhập
2021-04-15-01-35-35-661: Chấm bài F:\GIANG-DAY-XUAN\NAM-HOC-2020-2021\LAP_TRINH_NANG_CAO_2021\XUAN_LTNC_2021\De_KT_LTNC_TH\data\13\13.cpp, KQ: Kết quả: 100/100 điểm
Điểm tổng: 2 / 10
Thời gian làm bài: -1.02:51:38.8453723
2021-04-15-01-35-44-495: Chấm bài F:\GIANG-DAY-XUAN\NAM-HOC-2020-2021\LAP_TRINH_NANG_CAO_2021\XUAN_LTNC_2021\De_KT_LTNC_TH\data\22\22 (1).cpp, KQ: Kết quả: 100/100 điểm
Điểm tổng: 4 / 10
Thời gian làm bài: -7.02:27:10.3274522
2021-04-15-01-35-55-342: Chấm bài F:\GIANG-DAY-XUAN\NAM-HOC-2020-2021\LAP_TRINH_NANG_CAO_2021\XUAN_LTNC_2021\De_KT_LTNC_TH\data\34\34 (1).cpp, KQ: Kết quả: 100/100 điểm
Điểm tổng: 7 / 10
Thời gian làm bài: -02:43:14.0966261
2021-04-15-01-36-04-976: Chấm bài F:\GIANG-DAY-XUAN\NAM-HOC-2020-2021\LAP_TRINH_NANG_CAO_2021\XUAN_LTNC_2021\De_KT_LTNC_TH\data\46\46 (1).cpp, KQ: Kết quả: 100/100 điểm
Điểm tổng: 10 / 10
Thời gian làm bài: -00:05:40.9397410
Sinh viên x đăng nhập
2021-04-15-01-39-11-283: Chấm bài F:\GIANG-DAY-XUAN\NAM-HOC-2020-2021\LAP_TRINH_NANG_CAO_2021\XUAN_LTNC_2021\De_KT_LTNC_TH\data\32\32 (1).cpp, KQ: Kết quả: 100/100 điểm
Điểm tổng: 3 / 10
Thời gian làm bài: -03:12:57.8985519
2021-04-15-01-41-00-043: Chấm bài F:\GIANG-DAY-XUAN\NAM-HOC-2020-2021\LAP_TRINH_NANG_CAO_2021\XUAN_LTNC_2021\De_KT_LTNC_TH\data\16\16 (1).cpp, KQ: Kết quả: 100/100 điểm
Điểm tổng: 5 / 10
Thời gian làm bài: -03:37:12.5732717
2021-04-15-01-41-09-553: Chấm bài F:\GIANG-DAY-XUAN\NAM-HOC-2020-2021\LAP_TRINH_NANG_CAO_2021\XUAN_LTNC_2021\De_KT_LTNC_TH\data\22\22 (1).cpp, KQ: Kết quả: 100/100 điểm
Điểm tổng: 7 / 10
Thời gian làm bài: 00:09:23.9794317
2021-04-15-01-41-23-830: Chấm bài F:\GIANG-DAY-XUAN\NAM-HOC-2020-2021\LAP_TRINH_NANG_CAO_2021\XUAN_LTNC_2021\De_KT_LTNC_TH\data\32\32 (1).cpp, KQ: Kết quả: 100/100 điểm
Điểm tổng: 7 / 10
Thời gian làm bài: -03:12:57.8985519
2021-04-15-01-41-51-659: Chấm bài F:\GIANG-DAY-XUAN\NAM-HOC-2020-2021\LAP_TRINH_NANG_CAO_2021\XUAN_LTNC_2021\De_KT_LTNC_TH\data\42\42 (1).cpp, KQ: Kết quả: 100/100 điểm
Điểm tổng: 10 / 10
Thời gian làm bài: -01:14:49.2198894
Sinh viên x đăng nhập
Sinh viên x đăng nhập
Sinh viên xuan đăng nhập
Sinh viên  đăng nhập
Sinh viên  đăng nhập
Sinh viên  đăng nhập
Sinh viên  đăng nhập
Sinh viên  đăng nhập
Sinh viên  đăng nhập
Sinh viên  đăng nhập
Sinh viên  đăng nhập
2022-03-28-14-50-59-953: Chấm bài C:\Users\84904\OneDrive - Thuyloi University\LT NANGCAO\Baithuchanh-Code\41tUAN.cpp, KQ: Kết quả: 90/100 điểm
Điểm tổng: 2,7 / 10
Thời gian làm bài: 00:00:00.0249591
Sinh viên  đăng nhập
Sinh viên Trần Nhật Anh đăng nhập
2023-08-18-20-32-23-307: Chấm bài D:\C++\Ktra\DSLK\B1.cpp, KQ: Kết quả: 43/100 điểm
Điểm tổng: 0.86 / 10
Thời gian làm bài: 00:08:20.6529609
2023-08-18-20-40-41-889: Chấm bài D:\C++\Ktra\DSLK\B1.cpp, KQ: Kết quả: 100/100 điểm
Điểm tổng: 2 / 10
Thời gian làm bài: 00:16:16.5158429
2023-08-18-20-51-14-069: Chấm bài D:\C++\Ktra\DSLK\B1.cpp, KQ: Kết quả: 100/100 điểm
Điểm tổng: 2 / 10
Thời gian làm bài: 00:27:09.0868597
2023-08-18-21-20-25-803: Chấm bài D:\C++\Ktra\DSLK\B2.cpp, KQ: 0 điểm - bài nộp có lỗi khi dịch
Điểm tổng: 2 / 10
Thời gian làm bài: 00:28:30.4091672
2023-08-18-21-21-05-602: Chấm bài D:\C++\Ktra\B6_SV\B3.cpp, KQ: Kết quả: 100/100 điểm
Điểm tổng: 4 / 10
Thời gian làm bài: 00:02:19.3808608
2023-08-18-21-21-12-440: Chấm bài D:\C++\Ktra\DSLK\B2.cpp, KQ: 0 điểm - bài nộp có lỗi khi dịch
Điểm tổng: 4 / 10
Thời gian làm bài: 00:28:30.4091672
Sinh viên Trần Nhật Anh đăng nhập
2023-08-18-21-57-21-280: Chấm bài D:\C++\Ktra\DSLK\B3.cpp, KQ: 0 điểm - bài nộp có lỗi khi dịch
Điểm tổng: 0 / 10
Thời gian làm bài: 00:27:46.1654377
2023-08-18-21-57-57-769: Chấm bài D:\C++\Ktra\DSLK\B3.cpp, KQ: 0 điểm - bài nộp có lỗi khi dịch
Điểm tổng: 0 / 10
Thời gian làm bài: 00:28:37.3275181
Sinh viên Trần Nhật Anh đăng nhập
2023-08-18-22-00-03-168: Chấm bài D:\C++\Ktra\DSLK\B3.cpp, KQ: 0 điểm - bài nộp có lỗi khi dịch
Điểm tổng: 0 / 10
Thời gian làm bài: 00:29:17.7186475
Sinh viên Trần Nhật Anh đăng nhập
2023-08-19-13-40-26-212: Chấm bài D:\C++\Ktra\DSLK\B3.cpp, KQ: 0 điểm - bài nộp có lỗi khi dịch
Điểm tổng: 0 / 10
Thời gian làm bài: 16:00:37.6557117
2023-08-19-13-40-52-495: Chấm bài D:\C++\Ktra\DSLK\B3.cpp, KQ: 0 điểm - bài nộp có lỗi khi dịch
Điểm tổng: 0 / 10
Thời gian làm bài: 16:00:37.6557117
2023-08-19-13-43-03-705: Chấm bài D:\C++\Ktra\DSLK\B3.cpp, KQ: 0 điểm - bài nộp có lỗi khi dịch
Điểm tổng: 0 / 10
Thời gian làm bài: 16:00:37.6557117
Sinh viên Trần Nhật Anh đăng nhập
2023-08-19-13-49-55-495: Chấm bài D:\C++\Ktra\DSLK\B2.cpp, KQ: 0 điểm - bài nộp có lỗi khi dịch
Điểm tổng: 0 / 10
Thời gian làm bài: 00:28:30.4091672
2023-08-19-13-49-59-891: Chấm bài D:\C++\Ktra\DSLK\B3.cpp, KQ: 0 điểm - bài nộp có lỗi khi dịch
Điểm tổng: 0 / 10
Thời gian làm bài: 16:00:37.6557117
Sinh viên Trần Nhật Anh đăng nhập
2023-08-19-14-02-19-035: Chấm bài D:\C++\Ktra\DSLK\B3.cpp, KQ: 0 điểm - bài nộp có lỗi khi dịch
Điểm tổng: 0 / 10
Thời gian làm bài: 16:32:48.9408102
Sinh viên Trần Nhật Anh đăng nhập
2023-08-19-19-18-26-470: Chấm bài D:\C++\Ktra\DSLK\B3.cpp, KQ: Kết quả: 96/100 điểm
Điểm tổng: 2.88 / 10
Thời gian làm bài: 21:48:55.2214354
2023-08-19-19-22-35-804: Chấm bài D:\C++\Ktra\DSLK\B3.cpp, KQ: Kết quả: 90/100 điểm
Điểm tổng: 2.7 / 10
Thời gian làm bài: 21:48:55.2214354
2023-08-19-19-23-00-968: Chấm bài D:\C++\Ktra\DSLK\B3.cpp, KQ: Kết quả: 96/100 điểm
Điểm tổng: 2.88 / 10
Thời gian làm bài: 21:48:55.2214354
2023-08-19-19-24-56-550: Chấm bài D:\C++\Ktra\DSLK\B3.cpp, KQ: Kết quả: 100/100 điểm
Điểm tổng: 3 / 10
Thời gian làm bài: 21:55:36.6937900
Sinh viên Trần Nhật Anh đăng nhập
2023-08-19-21-19-55-990: Chấm bài D:\C++\Ktra\DSLK\B2.cpp, KQ: 0 điểm - bài nộp có lỗi khi dịch
Điểm tổng: 0 / 10
Thời gian làm bài: 1.00:26:49.2675291
2023-08-19-21-21-23-099: Chấm bài D:\C++\Ktra\DSLK\B2.cpp, KQ: Kết quả: 100/100 điểm
Điểm tổng: 2 / 10
Thời gian làm bài: 1.00:29:34.5974363
2023-08-19-21-51-17-220: Chấm bài D:\C++\Ktra\DSLK\B4.cpp, KQ: Kết quả: 100/100 điểm
Điểm tổng: 5 / 10
Thời gian làm bài: 00:01:30.0769767
2023-08-19-21-51-24-118: Chấm bài D:\C++\Ktra\DSLK\B3.cpp, KQ: Kết quả: 100/100 điểm
Điểm tổng: 8 / 10
Thời gian làm bài: 21:55:36.6937900
2023-08-19-21-51-27-016: Chấm bài D:\C++\Ktra\DSLK\B1.cpp, KQ: Kết quả: 100/100 điểm
Điểm tổng: 10 / 10
Thời gian làm bài: 00:28:03.8938494
